
> sandem@0.0.1 format C:\projects\capstone\sandem
> prettier --write .

[90m.changeset/config.json[39m 130ms (unchanged)
[90m.github/FUNDING.yml[39m 12ms (unchanged)
[90m.prettierrc[39m 8ms (unchanged)
.script-run-logs/run-all-scripts.mjs 42ms
[90mAGENTS.md[39m 304ms (unchanged)
[90mCHANGELOG.md[39m 68ms (unchanged)
[90mcompose.yaml[39m 18ms (unchanged)
[90mCONTRIBUTING.md[39m 62ms (unchanged)
[90mconvex.json[39m 4ms (unchanged)
[90mdocs/00_Getting_Started.md[39m 148ms (unchanged)
[90mdocs/01_Architecture_Overview.md[39m 93ms (unchanged)
[90mdocs/02_System_Architecture.md[39m 81ms (unchanged)
[90mdocs/03_Architecture_Details.md[39m 316ms (unchanged)
[90mdocs/04_Implementation_Guide.md[39m 80ms (unchanged)
[90mdocs/05_Code_Examples.md[39m 70ms (unchanged)
[90mdocs/06_Diagrams_and_Flows.md[39m 26ms (unchanged)
[90mdocs/07_Progress_Tracker.md[39m 50ms (unchanged)
[90mdocs/08_What_Was_Built.md[39m 69ms (unchanged)
[90mdocs/09_Documentation_Map.md[39m 64ms (unchanged)
[90mdocs/10_Next_Steps.md[39m 58ms (unchanged)
[90mdocs/README.md[39m 44ms (unchanged)
[90mdocs/TESTING.md[39m 189ms (unchanged)
[90me2e/auth-ssr.spec.ts[39m 161ms (unchanged)
[90me2e/auth.setup.ts[39m 9ms (unchanged)
[90me2e/repo-happy-path.spec.ts[39m 101ms (unchanged)
[90meslint.config.js[39m 8ms (unchanged)
[90mpackage.json[39m 9ms (unchanged)
[90mplaywright.config.ts[39m 9ms (unchanged)
[90mREADME.md[39m 66ms (unchanged)
[90mscripts/changeset-wrapper.mjs[39m 10ms (unchanged)
[90mscripts/release-wrapper.mjs[39m 7ms (unchanged)
[90mscripts/setup-test-client.ts[39m 5ms (unchanged)
[90mscripts/setup-test-user.ts[39m 35ms (unchanged)
[90msrc/app.css[39m 175ms (unchanged)
[90msrc/app.d.ts[39m 7ms (unchanged)
[90msrc/app.html[39m 180ms (unchanged)
[90msrc/convex/auth.config.ts[39m 4ms (unchanged)
[90msrc/convex/auth.ts[39m 13ms (unchanged)
[90msrc/convex/convex.config.ts[39m 4ms (unchanged)
[90msrc/convex/http.ts[39m 3ms (unchanged)
[90msrc/convex/projects.ts[39m 60ms (unchanged)
[90msrc/convex/schema.ts[39m 6ms (unchanged)
[90msrc/convex/tsconfig.json[39m 5ms (unchanged)
[90msrc/demo.spec.ts[39m 25ms (unchanged)
[90msrc/hooks.server.ts[39m 6ms (unchanged)
[90msrc/lib/components/ide/activities/ActivityPanel.svelte[39m 58ms (unchanged)
[90msrc/lib/components/ide/activities/Debug.svelte[39m 72ms (unchanged)
[90msrc/lib/components/ide/activities/Explorer.svelte[39m 146ms (unchanged)
[90msrc/lib/components/ide/activities/ExplorerContent.svelte[39m 125ms (unchanged)
[90msrc/lib/components/ide/activities/ExplorerFilesSection.svelte[39m 136ms (unchanged)
[90msrc/lib/components/ide/activities/ExplorerOpenEditors.svelte[39m 64ms (unchanged)
[90msrc/lib/components/ide/activities/ExplorerOutline.svelte[39m 103ms (unchanged)
[90msrc/lib/components/ide/activities/ExplorerProjectInfo.svelte[39m 41ms (unchanged)
[90msrc/lib/components/ide/activities/ExplorerTimeline.svelte[39m 49ms (unchanged)
[90msrc/lib/components/ide/activities/Git.svelte[39m 96ms (unchanged)
[90msrc/lib/components/ide/activities/index.ts[39m 3ms (unchanged)
[90msrc/lib/components/ide/activities/Search.svelte[39m 63ms (unchanged)
[90msrc/lib/components/ide/index.ts[39m 6ms (unchanged)
[90msrc/lib/components/ide/workspace/ActivityBar.svelte[39m 38ms (unchanged)
[90msrc/lib/components/ide/workspace/Chat.svelte[39m 44ms (unchanged)
[90msrc/lib/components/ide/workspace/Editor.svelte[39m 40ms (unchanged)
[90msrc/lib/components/ide/workspace/index.ts[39m 2ms (unchanged)
[90msrc/lib/components/ide/workspace/Preview.svelte[39m 40ms (unchanged)
[90msrc/lib/components/ide/workspace/RightSidebar.svelte[39m 18ms (unchanged)
[90msrc/lib/components/ide/workspace/Sidebar.svelte[39m 12ms (unchanged)
[90msrc/lib/components/ide/workspace/Statusbar.svelte[39m 68ms (unchanged)
[90msrc/lib/components/ide/workspace/Terminal.svelte[39m 50ms (unchanged)
[90msrc/lib/components/ide/workspace/TerminalPanelHeader.svelte[39m 41ms (unchanged)
[90msrc/lib/components/ide/workspace/TerminalSessionPane.svelte[39m 43ms (unchanged)
[90msrc/lib/components/ide/workspace/TerminalToolbar.svelte[39m 74ms (unchanged)
[90msrc/lib/components/ide/workspace/TerminalViewport.svelte[39m 37ms (unchanged)
[90msrc/lib/components/README.md[39m 18ms (unchanged)
[90msrc/lib/components/ui/editor/Breadcrumbs.svelte[39m 20ms (unchanged)
[90msrc/lib/components/ui/editor/Empty.svelte[39m 25ms (unchanged)
[90msrc/lib/components/ui/editor/FileTree.svelte[39m 22ms (unchanged)
[90msrc/lib/components/ui/editor/FileTreeView.svelte[39m 88ms (unchanged)
[90msrc/lib/components/ui/editor/index.ts[39m 1ms (unchanged)
[90msrc/lib/components/ui/editor/SaveStatus.svelte[39m 47ms (unchanged)
[90msrc/lib/components/ui/index.ts[39m 5ms (unchanged)
[90msrc/lib/components/ui/inputs/DropDown.svelte[39m 41ms (unchanged)
[90msrc/lib/components/ui/inputs/index.ts[39m 1ms (unchanged)
[90msrc/lib/components/ui/inputs/SearchBar.svelte[39m 17ms (unchanged)
[90msrc/lib/components/ui/layout/index.ts[39m 1ms (unchanged)
[90msrc/lib/components/ui/layout/PageSection.svelte[39m 14ms (unchanged)
[90msrc/lib/components/ui/navigation/AppHeader.svelte[39m 29ms (unchanged)
[90msrc/lib/components/ui/navigation/AppMenu.svelte[39m 32ms (unchanged)
[90msrc/lib/components/ui/navigation/index.ts[39m 1ms (unchanged)
[90msrc/lib/components/ui/navigation/MenuBar.svelte[39m 26ms (unchanged)
[90msrc/lib/components/ui/navigation/NavigationList.svelte[39m 15ms (unchanged)
[90msrc/lib/components/ui/primitives/AccordionItem.svelte[39m 15ms (unchanged)
[90msrc/lib/components/ui/primitives/Avatar.svelte[39m 13ms (unchanged)
[90msrc/lib/components/ui/primitives/Button.svelte[39m 26ms (unchanged)
[90msrc/lib/components/ui/primitives/Card.svelte[39m 30ms (unchanged)
[90msrc/lib/components/ui/primitives/ErrorPanel.svelte[39m 18ms (unchanged)
[90msrc/lib/components/ui/primitives/Form.svelte[39m 18ms (unchanged)
[90msrc/lib/components/ui/primitives/Grid.svelte[39m 9ms (unchanged)
[90msrc/lib/components/ui/primitives/Icon.svelte[39m 4ms (unchanged)
[90msrc/lib/components/ui/primitives/index.ts[39m 2ms (unchanged)
[90msrc/lib/components/ui/primitives/Tabs.spec.ts[39m 4ms (unchanged)
[90msrc/lib/components/ui/primitives/Tabs.svelte[39m 41ms (unchanged)
[90msrc/lib/components/ui/theme/index.ts[39m 1ms (unchanged)
[90msrc/lib/components/ui/theme/ModeToggle.svelte[39m 12ms (unchanged)
[90msrc/lib/components/ui/theme/ThemeSwitcher.svelte[39m 18ms (unchanged)
[90msrc/lib/components/ui/workspace/CommandPalette.svelte[39m 34ms (unchanged)
[90msrc/lib/components/ui/workspace/index.ts[39m 2ms (unchanged)
[90msrc/lib/components/ui/workspace/PanelControls.svelte[39m 28ms (unchanged)
[90msrc/lib/components/ui/workspace/RepoPaneLayout.svelte[39m 21ms (unchanged)
[90msrc/lib/components/ui/workspace/Resizer.svelte[39m 6ms (unchanged)
[90msrc/lib/components/ui/workspace/WindowControls.svelte[39m 14ms (unchanged)
[90msrc/lib/config/header.ts[39m 5ms (unchanged)
[90msrc/lib/config/index.ts[39m 1ms (unchanged)
[90msrc/lib/config/README.md[39m 7ms (unchanged)
[90msrc/lib/context/auth/auth-client.ts[39m 3ms (unchanged)
[90msrc/lib/context/auth/index.ts[39m 1ms (unchanged)
[90msrc/lib/context/ide/ide-context.ts[39m 6ms (unchanged)
[90msrc/lib/context/ide/index.ts[39m 1ms (unchanged)
[90msrc/lib/context/index.ts[39m 2ms (unchanged)
[90msrc/lib/context/README.md[39m 4ms (unchanged)
[90msrc/lib/controllers/activity/createActivityBarController.svelte.ts[39m 8ms (unchanged)
[90msrc/lib/controllers/activity/createDebugActivity.svelte.ts[39m 10ms (unchanged)
[90msrc/lib/controllers/activity/createGitActivity.svelte.ts[39m 36ms (unchanged)
[90msrc/lib/controllers/activity/createSearchActivity.svelte.ts[39m 29ms (unchanged)
[90msrc/lib/controllers/activity/index.ts[39m 2ms (unchanged)
[90msrc/lib/controllers/editor/createEditorPaneController.svelte.ts[39m 14ms (unchanged)
[90msrc/lib/controllers/editor/createEditorShortcuts.svelte.ts[39m 6ms (unchanged)
[90msrc/lib/controllers/editor/index.ts[39m 2ms (unchanged)
[90msrc/lib/controllers/explorer/createExplorerActionHandlers.svelte.ts[39m 24ms (unchanged)
[90msrc/lib/controllers/explorer/createExplorerActionsController.svelte.ts[39m 6ms (unchanged)
[90msrc/lib/controllers/explorer/createExplorerActivity.svelte.ts[39m 32ms (unchanged)
[90msrc/lib/controllers/explorer/createExplorerPanelController.svelte.ts[39m 15ms (unchanged)
[90msrc/lib/controllers/explorer/createExplorerStateController.svelte.ts[39m 10ms (unchanged)
[90msrc/lib/controllers/explorer/createFileTreeController.svelte.ts[39m 23ms (unchanged)
[90msrc/lib/controllers/explorer/index.ts[39m 1ms (unchanged)
[90msrc/lib/controllers/header/headerController.svelte.ts[39m 5ms (unchanged)
[90msrc/lib/controllers/header/index.ts[39m 1ms (unchanged)
[90msrc/lib/controllers/index.ts[39m 1ms (unchanged)
[90msrc/lib/controllers/README.md[39m 5ms (unchanged)
[90msrc/lib/controllers/workspace/createCommandPaletteController.svelte.ts[39m 17ms (unchanged)
[90msrc/lib/controllers/workspace/createMenuController.svelte.ts[39m 20ms (unchanged)
[90msrc/lib/controllers/workspace/createRepoController.svelte.ts[39m 35ms (unchanged)
[90msrc/lib/controllers/workspace/createRightPaneController.svelte.ts[39m 3ms (unchanged)
[90msrc/lib/controllers/workspace/createTerminalPanelController.svelte.ts[39m 8ms (unchanged)
[90msrc/lib/controllers/workspace/createTerminalSessionsController.svelte.ts[39m 15ms (unchanged)
[90msrc/lib/controllers/workspace/createTerminalWorkspaceController.svelte.ts[39m 38ms (unchanged)
[90msrc/lib/controllers/workspace/index.ts[39m 1ms (unchanged)
[90msrc/lib/hooks/editor/createEditorLifecycle.svelte.ts[39m 6ms (unchanged)
[90msrc/lib/hooks/editor/createRuntime.svelte.ts[39m 15ms (unchanged)
[90msrc/lib/hooks/editor/createStatus.svelte.ts[39m 4ms (unchanged)
[90msrc/lib/hooks/editor/index.ts[39m 1ms (unchanged)
[90msrc/lib/hooks/explorer/createProjectSyncController.svelte.ts[39m 14ms (unchanged)
[90msrc/lib/hooks/explorer/index.ts[39m 1ms (unchanged)
[90msrc/lib/hooks/index.ts[39m 1ms (unchanged)
[90msrc/lib/hooks/README.md[39m 4ms (unchanged)
[90msrc/lib/hooks/runtime/createChatPane.svelte.ts[39m 6ms (unchanged)
[90msrc/lib/hooks/runtime/createPreview.svelte.ts[39m 3ms (unchanged)
[90msrc/lib/hooks/runtime/index.ts[39m 1ms (unchanged)
[90msrc/lib/liveblocks.config.ts[39m 4ms (unchanged)
[90msrc/lib/services/editor/createAutoSaver.spec.ts[39m 4ms (unchanged)
[90msrc/lib/services/editor/createAutoSaver.svelte.ts[39m 9ms (unchanged)
[90msrc/lib/services/editor/createCollaboration.svelte.ts[39m 14ms (unchanged)
[90msrc/lib/services/editor/createFileWriter.spec.ts[39m 8ms (unchanged)
[90msrc/lib/services/editor/createFileWriter.svelte.ts[39m 7ms (unchanged)
[90msrc/lib/services/editor/createModelBindings.svelte.ts[39m 5ms (unchanged)
[90msrc/lib/services/editor/createMonacoConfig.spec.ts[39m 2ms (unchanged)
[90msrc/lib/services/editor/createMonacoConfig.svelte.ts[39m 5ms (unchanged)
[90msrc/lib/services/editor/index.ts[39m 1ms (unchanged)
[90msrc/lib/services/explorer/createProjectFilesSync.svelte.ts[39m 23ms (unchanged)
[90msrc/lib/services/explorer/index.ts[39m 1ms (unchanged)
[90msrc/lib/services/index.ts[39m 1ms (unchanged)
[90msrc/lib/services/README.md[39m 4ms (unchanged)
[90msrc/lib/services/runtime/createProjectMounter.svelte.ts[39m 5ms (unchanged)
[90msrc/lib/services/runtime/createRepoProjectManager.svelte.ts[39m 12ms (unchanged)
[90msrc/lib/services/runtime/createRepoRuntimeManager.svelte.ts[39m 14ms (unchanged)
[90msrc/lib/services/runtime/createShellProcess.svelte.ts[39m 11ms (unchanged)
[90msrc/lib/services/runtime/index.ts[39m 1ms (unchanged)
[90msrc/lib/stores/activity/activityStore.svelte.ts[39m 2ms (unchanged)
[90msrc/lib/stores/activity/index.ts[39m 1ms (unchanged)
[90msrc/lib/stores/collaboration/collaborationStore.svelte.ts[39m 6ms (unchanged)
[90msrc/lib/stores/collaboration/index.ts[39m 1ms (unchanged)
[90msrc/lib/stores/editor/editorStore.svelte.ts[39m 7ms (unchanged)
[90msrc/lib/stores/editor/index.ts[39m 1ms (unchanged)
[90msrc/lib/stores/index.ts[39m 1ms (unchanged)
[90msrc/lib/stores/panel/index.ts[39m 1ms (unchanged)
[90msrc/lib/stores/panel/panelStore.svelte.ts[39m 6ms (unchanged)
[90msrc/lib/stores/README.md[39m 3ms (unchanged)
[90msrc/lib/svelte/client.svelte.ts[39m 26ms (unchanged)
[90msrc/lib/svelte/index.ts[39m 1ms (unchanged)
[90msrc/lib/svelte/README.md[39m 8ms (unchanged)
[90msrc/lib/sveltekit/errors.ts[39m 6ms (unchanged)
[90msrc/lib/sveltekit/index.spec.ts[39m 6ms (unchanged)
[90msrc/lib/sveltekit/index.ts[39m 11ms (unchanged)
[90msrc/lib/sveltekit/README.md[39m 11ms (unchanged)
[90msrc/lib/utils/editor/editorPaneView.spec.ts[39m 2ms (unchanged)
[90msrc/lib/utils/editor/editorPaneView.ts[39m 3ms (unchanged)
[90msrc/lib/utils/editor/explorerTreeOps.spec.ts[39m 4ms (unchanged)
[90msrc/lib/utils/editor/explorerTreeOps.ts[39m 13ms (unchanged)
[90msrc/lib/utils/editor/fileTreeOps.ts[39m 8ms (unchanged)
[90msrc/lib/utils/editor/index.ts[39m 1ms (unchanged)
[90msrc/lib/utils/editor/language.ts[39m 2ms (unchanged)
[90msrc/lib/utils/editor/projectFolderSync.ts[39m 7ms (unchanged)
[90msrc/lib/utils/index.ts[39m 1ms (unchanged)
[90msrc/lib/utils/project/filesystem.ts[39m 11ms (unchanged)
[90msrc/lib/utils/project/guards.ts[39m 1ms (unchanged)
[90msrc/lib/utils/project/index.ts[39m 1ms (unchanged)
[90msrc/lib/utils/project/projects.ts[39m 3ms (unchanged)
[90msrc/lib/utils/project/template.ts[39m 3ms (unchanged)
[90msrc/lib/utils/README.md[39m 7ms (unchanged)
[90msrc/routes/(home)/+layout.svelte[39m 3ms (unchanged)
[90msrc/routes/(home)/+page.svelte[39m 5ms (unchanged)
[90msrc/routes/(home)/auth/+layout.server.ts[39m 2ms (unchanged)
[90msrc/routes/(home)/auth/+layout.svelte[39m 3ms (unchanged)
[90msrc/routes/(home)/auth/+page.svelte[39m 25ms (unchanged)
[90msrc/routes/(home)/shop/+page.svelte[39m 19ms (unchanged)
[90msrc/routes/(home)/test/client-only/+layout.svelte[39m 2ms (unchanged)
[90msrc/routes/(home)/test/client-only/+page.svelte[39m 12ms (unchanged)
[90msrc/routes/(home)/test/queries/+layout.server.ts[39m 2ms (unchanged)
[90msrc/routes/(home)/test/queries/+layout.svelte[39m 3ms (unchanged)
[90msrc/routes/(home)/test/queries/+page.server.ts[39m 2ms (unchanged)
[90msrc/routes/(home)/test/queries/+page.svelte[39m 13ms (unchanged)
[90msrc/routes/(home)/test/ssr/+layout.server.ts[39m 2ms (unchanged)
[90msrc/routes/(home)/test/ssr/+layout.svelte[39m 3ms (unchanged)
[90msrc/routes/(home)/test/ssr/+page.svelte[39m 8ms (unchanged)
[90msrc/routes/+layout.svelte[39m 8ms (unchanged)
[90msrc/routes/api/auth/[...all]/+server.ts[39m 1ms (unchanged)
[90msrc/routes/api/liveblocks-auth/+server.ts[39m 5ms (unchanged)
[90msrc/routes/repo/+layout.server.ts[39m 3ms (unchanged)
[90msrc/routes/repo/+layout.svelte[39m 16ms (unchanged)
[90msrc/routes/repo/+page.svelte[39m 4ms (unchanged)
[90msrc/types/commands.d.ts[39m 1ms (unchanged)
[90msrc/types/editor.d.ts[39m 2ms (unchanged)
[90msrc/types/env.d.ts[39m 2ms (unchanged)
[90msrc/types/hooks.d.ts[39m 4ms (unchanged)
[90msrc/types/index.ts[39m 1ms (unchanged)
[90msrc/types/projects.d.ts[39m 1ms (unchanged)
[90msrc/types/routes.d.ts[39m 1ms (unchanged)
src/types/ui.d.ts 1ms
[90msrc/types/ui.ts[39m 1ms (unchanged)
[90msvelte.config.js[39m 1ms (unchanged)
[90mtsconfig.json[39m 1ms (unchanged)
[90mvite.config.ts[39m 4ms (unchanged)
[90mvitest.config.ts[39m 1ms (unchanged)
